app/proguard-rules.pro
-keep class com.efishell.openglesscope.MainActivity { *; }
-keepclasseswithmembers class * { native <methods>; }