app/build/outputs/mapping/release/configuration.txt
# The proguard configuration file for the following section is Android Gradle plugin 9.3.2 (extracted file: C:\Users\Administrator\Desktop\OpenGLESScope\app\build\intermediates\default_proguard_files\global\proguard-android-optimize.txt-9.3.2)
# This is a configuration file for ProGuard.
# http://proguard.sourceforge.net/index.html#manual/usage.html
#
# Starting with version 2.2 of the Android plugin for Gradle, this file is distributed together with
# the plugin and unpacked at build-time. The files in $ANDROID_HOME are no longer maintained and
# will be ignored by new version of the Android plugin for Gradle.

# Optimizations: If you don't want to optimize, use the proguard-android.txt configuration file
# instead of this one, which turns off the optimization flags.
-allowaccessmodification

# Preserve some attributes that may be required for reflection.
-keepattributes AnnotationDefault,
                EnclosingMethod,
                InnerClasses,
                RuntimeVisibleAnnotations,
                RuntimeVisibleParameterAnnotations,
                RuntimeVisibleTypeAnnotations,
                Signature

-keep public class com.google.vending.licensing.ILicensingService
-keep public class com.android.vending.licensing.ILicensingService
-keep public class com.google.android.vending.licensing.ILicensingService
-dontnote com.android.vending.licensing.ILicensingService
-dontnote com.google.vending.licensing.ILicensingService
-dontnote com.google.android.vending.licensing.ILicensingService

# For native methods, see https://www.guardsquare.com/manual/configuration/examples#native
-keepclasseswithmembernames,includedescriptorclasses class * {
    native <methods>;
}

# Keep setters in Views so that animations can still work.
-keepclassmembers public class * extends android.view.View {
    void set*(***);
    *** get*();
}

# We want to keep methods in Activity that could be used in the XML attribute onClick.
-keepclassmembers class * extends android.app.Activity {
    public void *(android.view.View);
}

# For enumeration classes, see https://www.guardsquare.com/manual/configuration/examples#enumerations
-keepclassmembers enum * {
    public static **[] values();
    public static ** valueOf(java.lang.String);
}

-keepclassmembers class * implements android.os.Parcelable {
    public static final ** CREATOR;
}

# Preserve annotated Javascript interface methods.
-keepclassmembers class * {
    @android.webkit.JavascriptInterface <methods>;
}

# The support libraries contains references to newer platform versions.
# Don't warn about those in case this app is linking against an older
# platform version. We know about them, and they are safe.
-dontnote android.support.**
-dontnote androidx.**
-dontwarn android.support.**
-dontwarn androidx.**

# Understand the @Keep support annotation.
-keep class android.support.annotation.Keep

-keep @android.support.annotation.Keep class * {*;}

-keepclasseswithmembers class * {
    @android.support.annotation.Keep <methods>;
}

-keepclasseswithmembers class * {
    @android.support.annotation.Keep <fields>;
}

-keepclasseswithmembers class * {
    @android.support.annotation.Keep <init>(...);
}

# These classes are duplicated between android.jar and org.apache.http.legacy.jar.
-dontnote org.apache.http.**
-dontnote android.net.http.**

# These classes are duplicated between android.jar and core-lambda-stubs.jar.
-dontnote java.lang.invoke.**

# End of content from Android Gradle plugin 9.3.2 (extracted file: C:\Users\Administrator\Desktop\OpenGLESScope\app\build\intermediates\default_proguard_files\global\proguard-android-optimize.txt-9.3.2)
# The proguard configuration file for the following section is OpenGLESScope\app\proguard-rules.pro
-keep class com.efishell.openglesscope.MainActivity { *; }
-keep class com.efishell.openglesscope.OpenGLESProbeService { *; }
-keepclasseswithmembers class * { native <methods>; }

# End of content from OpenGLESScope\app\proguard-rules.pro
# The proguard configuration file for the following section is androidx.compose.animation:animation-core-android:1.12.0 (extracted file: C:\Users\Administrator\.gradle\caches\9.7.1\transforms\96668fa0c4b1fbe7f268f0e7ee42fa2e\transformed\animation-core\proguard.txt)
# Copyright (C) 2020 The Android Open Source Project
#
# Licensed under the Apache License, Version 2.0 (the "License");
# you may not use this file except in compliance with the License.
# You may obtain a copy of the License at
#
#      http://www.apache.org/licenses/LICENSE-2.0
#
# Unless required by applicable law or agreed to in writing, software
# distributed under the License is distributed on an "AS IS" BASIS,
# WITHOUT WARRANTIES OR CONDITIONS OF ANY KIND, either express or implied.
# See the License for the specific language governing permissions and
# limitations under the License.

# Keep all the functions created to throw an exception. We don't want these functions to be
# inlined in any way, which R8 will do by default. The whole point of these functions is to
# reduce the amount of code generated at the call site.
-keepclassmembers,allowshrinking,allowobfuscation class androidx.compose.**.* {
    static void throw*Exception(...);
    static void throw*ExceptionForNullCheck(...);
    # For methods returning Nothing
    static java.lang.Void throw*Exception(...);
    static java.lang.Void throw*ExceptionForNullCheck(...);
}

# End of content from androidx.compose.animation:animation-core-android:1.12.0 (extracted file: C:\Users\Administrator\.gradle\caches\9.7.1\transforms\96668fa0c4b1fbe7f268f0e7ee42fa2e\transformed\animation-core\proguard.txt)
# The proguard configuration file for the following section is androidx.compose.animation:animation-android:1.12.0 (extracted file: C:\Users\Administrator\.gradle\caches\9.7.1\transforms\906d8302d0389a15466bdd48d41aaf24\transformed\animation\proguard.txt)
-assumevalues class androidx.compose.animation.IsLookaheadAnimationVisualDebuggingEnabledKt {
    boolean isLookaheadAnimationVisualDebuggingEnabledDefault return false;
}

-assumenosideeffects class * {
    static androidx.compose.animation.LookaheadAnimationVisualDebugConfig *(...) return null;
}

-assumenosideeffects class androidx.compose.animation.LookaheadAnimationVisualDebugHelperKt {
    public static void LookaheadAnimationVisualDebugging(...);
}
# End of content from androidx.compose.animation:animation-android:1.12.0 (extracted file: C:\Users\Administrator\.gradle\caches\9.7.1\transforms\906d8302d0389a15466bdd48d41aaf24\transformed\animation\proguard.txt)
# The proguard configuration file for the following section is androidx.compose.foundation:foundation-layout-android:1.12.0 (extracted file: C:\Users\Administrator\.gradle\caches\9.7.1\transforms\1d2290abd5fa01b01fbbcd9c597ddecb\transformed\foundation-layout\proguard.txt)
# Copyright (C) 2020 The Android Open Source Project
#
# Licensed under the Apache License, Version 2.0 (the "License");
# you may not use this file except in compliance with the License.
# You may obtain a copy of the License at
#
#      http://www.apache.org/licenses/LICENSE-2.0
#
# Unless required by applicable law or agreed to in writing, software
# distributed under the License is distributed on an "AS IS" BASIS,
# WITHOUT WARRANTIES OR CONDITIONS OF ANY KIND, either express or implied.
# See the License for the specific language governing permissions and
# limitations under the License.

# Keep all the functions created to throw an exception. We don't want these functions to be
# inlined in any way, which R8 will do by default. The whole point of these functions is to
# reduce the amount of code generated at the call site.
-keepclassmembers,allowshrinking,allowobfuscation class androidx.compose.**.* {
    static void throw*Exception(...);
    static void throw*ExceptionForNullCheck(...);
    # For methods returning Nothing
    static java.lang.Void throw*Exception(...);
    static java.lang.Void throw*ExceptionForNullCheck(...);
}

# End of content from androidx.compose.foundation:foundation-layout-android:1.12.0 (extracted file: C:\Users\Administrator\.gradle\caches\9.7.1\transforms\1d2290abd5fa01b01fbbcd9c597ddecb\transformed\foundation-layout\proguard.txt)
# The proguard configuration file for the following section is androidx.compose.foundation:foundation-android:1.12.0 (extracted file: C:\Users\Administrator\.gradle\caches\9.7.1\transforms\27c227cf072cc99974bcb4bd2bce6ec9\transformed\foundation\proguard.txt)
# Copyright (C) 2020 The Android Open Source Project
#
# Licensed under the Apache License, Version 2.0 (the "License");
# you may not use this file except in compliance with the License.
# You may obtain a copy of the License at
#
#      http://www.apache.org/licenses/LICENSE-2.0
#
# Unless required by applicable law or agreed to in writing, software
# distributed under the License is distributed on an "AS IS" BASIS,
# WITHOUT WARRANTIES OR CONDITIONS OF ANY KIND, either express or implied.
# See the License for the specific language governing permissions and
# limitations under the License.

# Keep all the functions created to throw an exception. We don't want these functions to be
# inlined in any way, which R8 will do by default. The whole point of these functions is to
# reduce the amount of code generated at the call site.
-keepclassmembers,allowshrinking,allowobfuscation class androidx.compose.**.* {
    static void throw*Exception(...);
    # For methods returning Nothing
    static java.lang.Void throw*Exception(...);
}


# End of content from androidx.compose.foundation:foundation-android:1.12.0 (extracted file: C:\Users\Administrator\.gradle\caches\9.7.1\transforms\27c227cf072cc99974bcb4bd2bce6ec9\transformed\foundation\proguard.txt)
# The proguard configuration file for the following section is androidx.window:window-core-android:1.5.0 (extracted file: C:\Users\Administrator\.gradle\caches\9.7.1\transforms\bf81c5a5da89f70fe94e860d2d2fb51a\transformed\window-core\proguard.txt)
# Intentionally empty proguard rules to indicate this library is safe to shrink

# End of content from androidx.window:window-core-android:1.5.0 (extracted file: C:\Users\Administrator\.gradle\caches\9.7.1\transforms\bf81c5a5da89f70fe94e860d2d2fb51a\transformed\window-core\proguard.txt)
# The proguard configuration file for the following section is androidx.window:window:1.5.0 (extracted file: C:\Users\Administrator\.gradle\caches\9.7.1\transforms\f213eb139cfae2dc3582fc697fc5089f\transformed\window-1.5.0\proguard.txt)
# Copyright (C) 2020 The Android Open Source Project
#
# Licensed under the Apache License, Version 2.0 (the "License");
# you may not use this file except in compliance with the License.
# You may obtain a copy of the License at
#
#      http://www.apache.org/licenses/LICENSE-2.0
#
# Unless required by applicable law or agreed to in writing, software
# distributed under the License is distributed on an "AS IS" BASIS,
# WITHOUT WARRANTIES OR CONDITIONS OF ANY KIND, either express or implied.
# See the License for the specific language governing permissions and
# limitations under the License.

# A rule that will keep classes that implement SidecarInterface$SidecarCallback if Sidecar seems
# be used. See b/157286362 and b/165268619 for details.
# TODO(b/208543178) investigate how to pass header jar to R8 so we don't need this rule
-if class androidx.window.layout.adapter.sidecar.SidecarCompat {
  public *** setExtensionCallback(androidx.window.layout.adapter.sidecar.ExtensionInterfaceCompat$ExtensionCallbackInterface);
}
-keep class androidx.window.layout.adapter.sidecar.SidecarCompat$TranslatingCallback,
 androidx.window.layout.adapter.sidecar.DistinctElementSidecarCallback {
  public *** onDeviceStateChanged(androidx.window.sidecar.SidecarDeviceState);
  public *** onWindowLayoutChanged(android.os.IBinder, androidx.window.sidecar.SidecarWindowLayoutInfo);
}
# Required for window area API reflection guard
-keep interface androidx.window.area.reflectionguard.* {*;}
# Required to support kotlin-reflect
-keep,allowshrinking class androidx.window.layout.adapter.extensions.MulticastConsumer {
  void accept(androidx.window.extensions.layout.WindowLayoutInfo);
}
-keep interface androidx.window.reflection.Consumer2 {
  public *** accept(***);
}
-keep interface androidx.window.reflection.Predicate2 {
  public *** test(***);
}
-keep interface androidx.window.reflection.JFunction2 {
  public *** apply(***);
}
# End of content from androidx.window:window:1.5.0 (extracted file: C:\Users\Administrator\.gradle\caches\9.7.1\transforms\f213eb139cfae2dc3582fc697fc5089f\transformed\window-1.5.0\proguard.txt)
# The proguard configuration file for the following section is androidx.compose.ui:ui-util-android:1.12.0 (extracted file: C:\Users\Administrator\.gradle\caches\9.7.1\transforms\56152aa85d7b8239dc6e837622e4dc92\transformed\ui-util\proguard.txt)
# Copyright (C) 2020 The Android Open Source Project
#
# Licensed under the Apache License, Version 2.0 (the "License");
# you may not use this file except in compliance with the License.
# You may obtain a copy of the License at
#
#      http://www.apache.org/licenses/LICENSE-2.0
#
# Unless required by applicable law or agreed to in writing, software
# distributed under the License is distributed on an "AS IS" BASIS,
# WITHOUT WARRANTIES OR CONDITIONS OF ANY KIND, either express or implied.
# See the License for the specific language governing permissions and
# limitations under the License.

# Keep all the functions created to throw an exception. We don't want these functions to be
# inlined in any way, which R8 will do by default. The whole point of these functions is to
# reduce the amount of code generated at the call site.
-keepclassmembers,allowshrinking,allowobfuscation class androidx.compose.**.* {
    static void throw*Exception(...);
    static void throw*ExceptionForNullCheck(...);
    # For methods returning Nothing
    static java.lang.Void throw*Exception(...);
    static java.lang.Void throw*ExceptionForNullCheck(...);
}

# End of content from androidx.compose.ui:ui-util-android:1.12.0 (extracted file: C:\Users\Administrator\.gradle\caches\9.7.1\transforms\56152aa85d7b8239dc6e837622e4dc92\transformed\ui-util\proguard.txt)
# The proguard configuration file for the following section is androidx.compose.ui:ui-unit-android:1.12.0 (extracted file: C:\Users\Administrator\.gradle\caches\9.7.1\transforms\9eb938eeed5b12fea54da1b62a9a1794\transformed\ui-unit\proguard.txt)
# Copyright (C) 2020 The Android Open Source Project
#
# Licensed under the Apache License, Version 2.0 (the "License");
# you may not use this file except in compliance with the License.
# You may obtain a copy of the License at
#
#      http://www.apache.org/licenses/LICENSE-2.0
#
# Unless required by applicable law or agreed to in writing, software
# distributed under the License is distributed on an "AS IS" BASIS,
# WITHOUT WARRANTIES OR CONDITIONS OF ANY KIND, either express or implied.
# See the License for the specific language governing permissions and
# limitations under the License.

# Keep all the functions created to throw an exception. We don't want these functions to be
# inlined in any way, which R8 will do by default. The whole point of these functions is to
# reduce the amount of code generated at the call site.
-keepclassmembers,allowshrinking,allowobfuscation class androidx.compose.**.* {
    static void throw*Exception(...);
    static void throw*ExceptionForNullCheck(...);
    # For methods returning Nothing
    static java.lang.Void throw*Exception(...);
    static java.lang.Void throw*ExceptionForNullCheck(...);
}

# End of content from androidx.compose.ui:ui-unit-android:1.12.0 (extracted file: C:\Users\Administrator\.gradle\caches\9.7.1\transforms\9eb938eeed5b12fea54da1b62a9a1794\transformed\ui-unit\proguard.txt)
# The proguard configuration file for the following section is androidx.compose.ui:ui-text-android:1.12.0 (extracted file: C:\Users\Administrator\.gradle\caches\9.7.1\transforms\17f371d3b472b54b217e4c64b24ef4d9\transformed\ui-text\proguard.txt)
# Copyright (C) 2020 The Android Open Source Project
#
# Licensed under the Apache License, Version 2.0 (the "License");
# you may not use this file except in compliance with the License.
# You may obtain a copy of the License at
#
#      http://www.apache.org/licenses/LICENSE-2.0
#
# Unless required by applicable law or agreed to in writing, software
# distributed under the License is distributed on an "AS IS" BASIS,
# WITHOUT WARRANTIES OR CONDITIONS OF ANY KIND, either express or implied.
# See the License for the specific language governing permissions and
# limitations under the License.

# Keep all the functions created to throw an exception. We don't want these functions to be
# inlined in any way, which R8 will do by default. The whole point of these functions is to
# reduce the amount of code generated at the call site.
-keepclassmembers,allowshrinking,allowobfuscation class androidx.compose.**.* {
    static void throw*Exception(...);
    static void throw*ExceptionForNullCheck(...);
    # For methods returning Nothing
    static java.lang.Void throw*Exception(...);
    static java.lang.Void throw*ExceptionForNullCheck(...);
}

# End of content from androidx.compose.ui:ui-text-android:1.12.0 (extracted file: C:\Users\Administrator\.gradle\caches\9.7.1\transforms\17f371d3b472b54b217e4c64b24ef4d9\transformed\ui-text\proguard.txt)
# The proguard configuration file for the following section is androidx.compose.ui:ui-graphics-android:1.12.0 (extracted file: C:\Users\Administrator\.gradle\caches\9.7.1\transforms\41a78ab2a915a9456c28dbc2a2890762\transformed\ui-graphics\proguard.txt)
# Copyright (C) 2020 The Android Open Source Project
#
# Licensed under the Apache License, Version 2.0 (the "License");
# you may not use this file except in compliance with the License.
# You may obtain a copy of the License at
#
#      http://www.apache.org/licenses/LICENSE-2.0
#
# Unless required by applicable law or agreed to in writing, software
# distributed under the License is distributed on an "AS IS" BASIS,
# WITHOUT WARRANTIES OR CONDITIONS OF ANY KIND, either express or implied.
# See the License for the specific language governing permissions and
# limitations under the License.

# Keep all the functions created to throw an exception. We don't want these functions to be
# inlined in any way, which R8 will do by default. The whole point of these functions is to
# reduce the amount of code generated at the call site.
-keepclassmembers,allowshrinking,allowobfuscation class androidx.compose.**.* {
    static void throw*Exception(...);
    static void throw*ExceptionForNullCheck(...);
    # For methods returning Nothing
    static java.lang.Void throw*Exception(...);
    static java.lang.Void throw*ExceptionForNullCheck(...);
}
-keepclassmembers class androidx.compose.ui.graphics.layer.view.ViewLayerContainer {
    protected void dispatchGetDisplayList();
}
-keepclassmembers class androidx.compose.ui.graphics.layer.view.PlaceholderHardwareCanvas {
    public int drawRenderNode(...);
    public boolean isHardwareAccelerated();
}

# End of content from androidx.compose.ui:ui-graphics-android:1.12.0 (extracted file: C:\Users\Administrator\.gradle\caches\9.7.1\transforms\41a78ab2a915a9456c28dbc2a2890762\transformed\ui-graphics\proguard.txt)
# The proguard configuration file for the following section is androidx.graphics:graphics-path:1.0.1 (extracted file: C:\Users\Administrator\.gradle\caches\9.7.1\transforms\4b8044f9cdd6b13e7ca99ab98e3badd1\transformed\graphics-path-1.0.1\proguard.txt)
-keepclasseswithmembers class androidx.graphics.path.** {
    native <methods>;
}

# End of content from androidx.graphics:graphics-path:1.0.1 (extracted file: C:\Users\Administrator\.gradle\caches\9.7.1\transforms\4b8044f9cdd6b13e7ca99ab98e3badd1\transformed\graphics-path-1.0.1\proguard.txt)