app/build/outputs/mapping/release/seeds.txt
com.efishell.openglesscope.MainActivity
com.efishell.openglesscope.OpenGLESProbeService
com.efishell.openglesscope.MainActivity: kotlinx.coroutines.Job updateDownloadJob
com.efishell.openglesscope.OpenGLESProbeService: java.util.concurrent.locks.ReentrantLock PROCESS_NATIVE_PROBE_LOCK
com.efishell.openglesscope.MainActivity: java.io.File pendingUpdateApk
com.efishell.openglesscope.MainActivity: okhttp3.Call activeUpdateDownloadCall
com.efishell.openglesscope.OpenGLESProbeService: java.lang.String ACTION_ABORT
com.efishell.openglesscope.MainActivity: androidx.compose.runtime.MutableState directUpdatesEnabled$delegate
com.efishell.openglesscope.OpenGLESProbeService: int $stable
com.efishell.openglesscope.OpenGLESProbeService: java.util.concurrent.ExecutorService worker
com.efishell.openglesscope.OpenGLESProbeService: java.lang.String EXTRA_SELF_TEST
com.efishell.openglesscope.MainActivity: androidx.compose.runtime.MutableState directUpdatesConsentVisible$delegate
com.efishell.openglesscope.OpenGLESProbeService: com.efishell.openglesscope.OpenGLESProbeService$Companion Companion
com.efishell.openglesscope.MainActivity: androidx.compose.runtime.MutableState updateConfirmation$delegate
com.efishell.openglesscope.MainActivity: int $stable
com.efishell.openglesscope.MainActivity: kotlinx.coroutines.Job updateCheckJob
com.efishell.openglesscope.MainActivity: okhttp3.Call activeUpdateCheckCall
com.efishell.openglesscope.OpenGLESProbeService: java.lang.String EXTRA_RESULT_PATH
com.efishell.openglesscope.MainActivity: androidx.compose.runtime.MutableState updateStatus$delegate
com.efishell.openglesscope.MainActivity: android.content.SharedPreferences prefs
com.efishell.openglesscope.MainActivity: void access$requestPackageInstall(com.efishell.openglesscope.MainActivity,java.io.File)
com.efishell.openglesscope.MainActivity: void onResume()
com.efishell.openglesscope.MainActivity: void downloadAndInstallUpdate$app(com.efishell.openglesscope.AppUpdate)
com.efishell.openglesscope.MainActivity: java.lang.Object collectOpenGlesReport$app(kotlin.coroutines.Continuation)
com.efishell.openglesscope.OpenGLESProbeService: java.lang.Thread worker$lambda$0(java.lang.Runnable)
com.efishell.openglesscope.MainActivity: int fetchLatestCompatibleUpdate$lambda$0$3(kotlin.Pair,kotlin.Pair)
com.efishell.openglesscope.MainActivity: void requestDirectUpdatesChanged$app(boolean)
com.efishell.openglesscope.MainActivity: java.lang.Object runOpenGlesSelfTests$app(com.efishell.openglesscope.GlReport,kotlin.coroutines.Continuation)
com.efishell.openglesscope.MainActivity: java.lang.Object downloadUpdateApk-IoAF18A(com.efishell.openglesscope.AppUpdate)
com.efishell.openglesscope.MainActivity: com.efishell.openglesscope.AppUpdate fetchLatestCompatibleUpdate()
com.efishell.openglesscope.MainActivity: boolean isNewerVersion(java.lang.String,java.lang.String)
com.efishell.openglesscope.MainActivity: void stopOpenGlesProbeProcess()
com.efishell.openglesscope.MainActivity: void confirmDirectUpdatesConsent$app()
com.efishell.openglesscope.MainActivity: void access$stopOpenGlesProbeProcess(com.efishell.openglesscope.MainActivity)
com.efishell.openglesscope.MainActivity: void requestPackageInstall(java.io.File)
com.efishell.openglesscope.MainActivity: void onCreate(android.os.Bundle)
com.efishell.openglesscope.MainActivity: java.lang.Object access$downloadUpdateApk-IoAF18A(com.efishell.openglesscope.MainActivity,com.efishell.openglesscope.AppUpdate)
com.efishell.openglesscope.MainActivity: boolean packageSigningCertificatesMatch(android.content.pm.PackageInfo,android.content.pm.PackageInfo)
com.efishell.openglesscope.MainActivity: java.lang.String installedVersionName()
com.efishell.openglesscope.OpenGLESProbeService: int onStartCommand(android.content.Intent,int,int)
com.efishell.openglesscope.MainActivity: void launchPackageInstaller(java.io.File)
com.efishell.openglesscope.Page: com.efishell.openglesscope.Page[] values()
...
androidx.compose.ui.platform.AndroidComposeView: boolean getShowLayoutBounds()
androidx.core.view.ViewCompat$Api28Impl: boolean isAccessibilityHeading(android.view.View)
androidx.compose.ui.platform.AndroidComposeView: androidx.compose.ui.input.indirect.IndirectPointerEventPrimaryDirectionalMotionAxis getPrimaryDirectionalMotionAxisOverride-dqNNBbU$ui()
androidx.compose.ui.platform.AndroidComposeView: androidx.compose.ui.semantics.SemanticsOwner getSemanticsOwner()
androidx.core.view.WindowInsetsCompat$BuilderImpl34: WindowInsetsCompat$BuilderImpl34(androidx.core.view.WindowInsetsCompat)
androidx.lifecycle.ProcessLifecycleOwner$attach$1: void onActivityStopped(android.app.Activity)
androidx.core.view.WindowInsetsCompat$BuilderImpl29: WindowInsetsCompat$BuilderImpl29()
androidx.core.view.WindowInsetsCompat$Impl20: androidx.core.graphics.Insets getVisibleInsets(android.view.View)
androidx.compose.ui.node.TraversableNode$Companion$TraverseDescendantsAction: androidx.compose.ui.node.TraversableNode$Companion$TraverseDescendantsAction valueOf(java.lang.String)
androidx.compose.animation.core.MutatePriority: androidx.compose.animation.core.MutatePriority[] values()
androidx.activity.ComponentActivity: androidx.lifecycle.ViewModelProvider$Factory getDefaultViewModelProviderFactory()
androidx.compose.ui.platform.AndroidComposeView: void setConfiguration(android.content.res.Configuration)
androidx.core.view.WindowInsetsCompat$Impl: WindowInsetsCompat$Impl(androidx.core.view.WindowInsetsCompat)
androidx.lifecycle.Lifecycle$State: androidx.lifecycle.Lifecycle$State valueOf(java.lang.String)
androidx.core.view.WindowInsetsCompat$Impl20: WindowInsetsCompat$Impl20(androidx.core.view.WindowInsetsCompat,android.view.WindowInsets)
androidx.window.area.reflectionguard.ExtensionWindowAreaStatusRequirements: android.util.DisplayMetrics getWindowAreaDisplayMetrics()
androidx.lifecycle.Lifecycle$Event: androidx.lifecycle.Lifecycle$Event valueOf(java.lang.String)
androidx.compose.ui.platform.AndroidComposeView: void setOnReadyForComposition(kotlin.jvm.functions.Function1)
androidx.core.view.WindowInsetsCompat$Impl: androidx.core.graphics.Insets getInsetsIgnoringVisibility(int)
com.google.zxing.qrcode.decoder.Mode: com.google.zxing.qrcode.decoder.Mode[] values()
androidx.compose.ui.autofill.AutofillType: androidx.compose.ui.autofill.AutofillType valueOf(java.lang.String)
kotlinx.coroutines.scheduling.CoroutineScheduler$WorkerState: kotlinx.coroutines.scheduling.CoroutineScheduler$WorkerState valueOf(java.lang.String)
androidx.core.view.WindowInsetsCompat$Impl28: int hashCode()
androidx.core.view.WindowInsetsCompat$Impl29: WindowInsetsCompat$Impl29(androidx.core.view.WindowInsetsCompat,androidx.core.view.WindowInsetsCompat$Impl29)
androidx.compose.foundation.text.selection.SelectionHandleAnchor: androidx.compose.foundation.text.selection.SelectionHandleAnchor[] values()
androidx.compose.ui.text.AnnotationType: androidx.compose.ui.text.AnnotationType[] values()
androidx.compose.ui.platform.AndroidComposeView: void getTextInputService$annotations()
okhttp3.Protocol: okhttp3.Protocol valueOf(java.lang.String)
androidx.compose.ui.platform.AndroidComposeView: void setComposeViewContext(androidx.compose.ui.platform.ComposeViewContext)
androidx.compose.foundation.layout.Direction: androidx.compose.foundation.layout.Direction valueOf(java.lang.String)
androidx.compose.ui.graphics.InlineClassHelperKt: void throwIllegalArgumentException(java.lang.String)
androidx.compose.ui.text.font.FontWeightAdjustmentHelperApi31: int fontWeightAdjustment(android.content.Context)
androidx.core.view.WindowInsetsCompat$Impl: void initTypeBoundingRectsMaps()
androidx.compose.ui.window.Api30Impl: int getMaxDialogHeightExcludingSystemBarInsets(android.view.Window)
androidx.activity.ComponentActivity: void addOnNewIntentListener(androidx.core.util.Consumer)
androidx.core.view.WindowInsetsCompat$Impl34: void initDisplayShape(android.view.View)