app/build/outputs/mapping/release/usage.txt
com.efishell.openglesscope.AnalysisDiffRow:
    public final java.lang.String component1()
    public final java.lang.String component2()
    public final java.lang.String component3()
    public final java.lang.String component4()
    public final java.lang.String component5()
    public final com.efishell.openglesscope.AnalysisDiffRow copy(java.lang.String,java.lang.String,java.lang.String,java.lang.String,java.lang.String)
    public static synthetic com.efishell.openglesscope.AnalysisDiffRow copy$default(com.efishell.openglesscope.AnalysisDiffRow,java.lang.String,java.lang.String,java.lang.String,java.lang.String,java.lang.String,int,java.lang.Object)
com.efishell.openglesscope.AppUpdate:
    public static final int $stable
    public final java.lang.String component1()
    public final java.lang.String component2()
    public final java.lang.String component3()
    public final java.lang.String component4()
    public final java.lang.String component5()
    public final java.lang.String component6()
    public final java.lang.String component7()
    public final long component8()
    public final com.efishell.openglesscope.AppUpdate copy(java.lang.String,java.lang.String,java.lang.String,java.lang.String,java.lang.String,java.lang.String,java.lang.String,long)
    public static synthetic com.efishell.openglesscope.AppUpdate copy$default(com.efishell.openglesscope.AppUpdate,java.lang.String,java.lang.String,java.lang.String,java.lang.String,java.lang.String,java.lang.String,java.lang.String,long,int,java.lang.Object)
com.efishell.openglesscope.BuildConfig
com.efishell.openglesscope.ComposableSingletons$MainActivityKt:
    public final kotlin.jvm.functions.Function2 getLambda$-2027537971$app()
    public final kotlin.jvm.functions.Function2 getLambda$-352414593$app()
    public final kotlin.jvm.functions.Function2 getLambda$-799045682$app()
    public final kotlin.jvm.functions.Function2 getLambda$1618836555$app()
com.efishell.openglesscope.DisplayInfo:
    public static final int $stable
    public final java.lang.String component1()
    public final java.lang.Float component10()
    public final java.lang.Boolean component11()
    public final java.lang.Integer component2()
    public final java.lang.Integer component3()
    public final java.lang.Integer component4()
    public final java.lang.Float component5()
    public final java.util.List component6()
    public final java.util.List component7()
    public final java.lang.Float component8()
    public final java.lang.Float component9()
    public final com.efishell.openglesscope.DisplayInfo copy(java.lang.String,java.lang.Integer,java.lang.Integer,java.lang.Integer,java.lang.Float,java.util.List,java.util.List,java.lang.Float,java.lang.Float,java.lang.Float,java.lang.Boolean)
    public static synthetic com.efishell.openglesscope.DisplayInfo copy$default(com.efishell.openglesscope.DisplayInfo,java.lang.String,java.lang.Integer,java.lang.Integer,java.lang.Integer,java.lang.Float,java.util.List,java.util.List,java.lang.Float,java.lang.Float,java.lang.Float,java.lang.Boolean,int,java.lang.Object)
...
androidx.compose.ui.window.SecureFlagPolicy_androidKt$WhenMappings
androidx.compose.ui.window.SecureFlagPolicy_androidKt
androidx.concurrent.futures.AbstractResolvableFuture$1
androidx.concurrent.futures.AbstractResolvableFuture$Cancellation:
    public final boolean wasInterrupted
androidx.concurrent.futures.AbstractResolvableFuture$Failure$1
androidx.concurrent.futures.AbstractResolvableFuture$Failure:
    public final java.lang.Throwable exception
    static void <clinit>()
    public void <init>(java.lang.Throwable)
androidx.concurrent.futures.AbstractResolvableFuture$Listener:
    public final java.util.concurrent.Executor executor
    public final java.lang.Runnable task
androidx.concurrent.futures.AbstractResolvableFuture$SetFuture
androidx.concurrent.futures.AbstractResolvableFuture$Waiter:
    public final void setNext(androidx.concurrent.futures.AbstractResolvableFuture$Waiter)
    public static void unpark()
androidx.concurrent.futures.AbstractResolvableFuture:
    public abstract java.lang.String pendingToString()
    public abstract boolean set()
androidx.concurrent.futures.ResolvableFuture:
    public final boolean set()
androidx.core.R$attr
androidx.core.R$id
androidx.core.R$styleable:
    public static int ColorStateListItem_alpha
    public static int ColorStateListItem_android_alpha
    public static int ColorStateListItem_android_color
    public static int ColorStateListItem_android_lStar
    public static int ColorStateListItem_lStar
    public static int[] FontFamily
    public static int[] FontFamilyFont
    public static int FontFamilyFont_android_font
    public static int FontFamilyFont_android_fontStyle
    public static int FontFamilyFont_android_fontVariationSettings
    public static int FontFamilyFont_android_fontWeight
    public static int FontFamilyFont_android_ttcIndex
    public static int FontFamilyFont_font
    public static int FontFamilyFont_fontStyle
    public static int FontFamilyFont_fontVariationSettings
    public static int FontFamilyFont_fontWeight
    public static int FontFamilyFont_ttcIndex
    public static int[] FontFamilyProviderFallback
    public static int FontFamilyProviderFallback_fontProviderQuery
    public static int FontFamilyProviderFallback_fontProviderSystemFontFamily
    public static int FontFamilyProviderFallback_fontVariationSettings
    public static int FontFamily_fontProviderAuthority
    public static int FontFamily_fontProviderCerts
    public static int FontFamily_fontProviderFallbackQuery
    public static int FontFamily_fontProviderFetchStrategy
    public static int FontFamily_fontProviderFetchTimeout
    public static int FontFamily_fontProviderPackage
androidx.core.app.ActivityCompat$PermissionCompatDelegate
androidx.core.app.ActivityCompat$RequestPermissionsRequestCodeValidator
androidx.core.app.ActivityOptionsCompat
androidx.core.app.AppOpsManagerCompat$Api29Impl
androidx.core.app.AppOpsManagerCompat
androidx.core.app.CoreComponentFactory$CompatWrapped
androidx.core.app.NotificationManagerCompat$Api24Impl
androidx.core.app.NotificationManagerCompat:
    public final com.efishell.openglesscope.MainActivity mContext
    public static final java.lang.Object sEnabledNotificationListenersLock
    public static final java.lang.Object sLock
    public static boolean areNotificationsEnabled()
androidx.core.app.PictureInPictureParamsCompat:
    public abstract boolean isEnabled()
    public abstract android.app.PictureInPictureParams toPictureInPictureParams()
androidx.core.app.PictureInPictureUiStateCompat$Companion
androidx.core.app.PictureInPictureUiStateCompat:
    public static final androidx.core.app.PictureInPictureUiStateCompat$Companion Companion
    static void <clinit>()
androidx.core.content.ContextCompat$Api26Impl
androidx.core.content.ContextCompat$Api33Impl
androidx.core.content.ContextCompat
androidx.core.content.FileProvider$PathStrategy